2018-10-19 10:07:12,431 - ProMonitor - DEBUG - 加载日志功能函数
2018-10-19 10:07:12,446 - ProMonitor - INFO - 加载下边框架面板
2018-10-19 10:07:12,479 - ProMonitor - INFO - 加载控件列表，初始化数据
2018-10-19 10:07:12,479 - ProMonitor - INFO - 读取数据文件，返回数据字典.
2018-10-19 10:07:12,480 - ProMonitor - INFO - 刷新并返回数据列表
2018-10-19 10:07:12,489 - ProMonitor - INFO - 加载消息控制台
2018-10-19 10:07:12,494 - ProMonitor - WARNING - 初始化控制台
2018-10-19 10:07:12,495 - ProMonitor - INFO - 读取数据文件，返回数据字典.
2018-10-19 10:07:12,496 - ProMonitor - INFO - 加载日志控制面板
2018-10-19 10:07:12,525 - ProMonitor - INFO - 加载菜单
2018-10-19 10:07:12,534 - ProMonitor - INFO - 加载工具栏
2018-10-19 10:07:12,562 - ProMonitor - INFO - 加载状态栏
2018-10-19 10:07:12,573 - ProMonitor - INFO - 加载监控
2018-10-19 10:07:13,125 - ProMonitor - WARNING - 未发现项目进程main.exe，启动进程main.exe
2018-10-19 10:07:14,001 - ProMonitor - DEBUG - 从内存中获取的数据字典
2018-10-19 10:07:14,002 - ProMonitor - INFO - 刷新并返回数据列表
2018-10-19 10:16:13,002 - ProMonitor - DEBUG - 加载日志功能函数
2018-10-19 10:16:13,016 - ProMonitor - INFO - 加载下边框架面板
2018-10-19 10:16:13,049 - ProMonitor - INFO - 加载控件列表，初始化数据
2018-10-19 10:16:13,050 - ProMonitor - INFO - 读取数据文件，返回数据字典.
2018-10-19 10:16:13,050 - ProMonitor - INFO - 刷新并返回数据列表
2018-10-19 10:16:13,059 - ProMonitor - INFO - 加载消息控制台
2018-10-19 10:16:13,065 - ProMonitor - WARNING - 初始化控制台
2018-10-19 10:16:13,066 - ProMonitor - INFO - 读取数据文件，返回数据字典.
2018-10-19 10:16:13,067 - ProMonitor - INFO - 加载日志控制面板
2018-10-19 10:16:13,093 - ProMonitor - INFO - 加载菜单
2018-10-19 10:16:13,105 - ProMonitor - INFO - 加载工具栏
2018-10-19 10:16:13,132 - ProMonitor - INFO - 加载状态栏
2018-10-19 10:16:13,144 - ProMonitor - INFO - 加载监控
2018-10-19 10:16:13,707 - ProMonitor - WARNING - 未发现项目进程main.exe，启动进程main.exe
2018-10-19 10:16:15,057 - ProMonitor - DEBUG - 从内存中获取的数据字典
2018-10-19 10:16:15,058 - ProMonitor - INFO - 刷新并返回数据列表
2018-10-19 10:16:35,950 - ProMonitor - DEBUG - 加载日志功能函数
2018-10-19 10:16:35,960 - ProMonitor - INFO - 加载下边框架面板
2018-10-19 10:16:35,989 - ProMonitor - INFO - 加载控件列表，初始化数据
2018-10-19 10:16:35,990 - ProMonitor - INFO - 读取数据文件，返回数据字典.
2018-10-19 10:16:35,990 - ProMonitor - INFO - 刷新并返回数据列表
2018-10-19 10:16:36,004 - ProMonitor - INFO - 加载消息控制台
2018-10-19 10:16:36,009 - ProMonitor - WARNING - 初始化控制台
2018-10-19 10:16:36,009 - ProMonitor - INFO - 读取数据文件，返回数据字典.
2018-10-19 10:16:36,011 - ProMonitor - INFO - 加载日志控制面板
2018-10-19 10:16:36,039 - ProMonitor - INFO - 加载菜单
2018-10-19 10:16:36,048 - ProMonitor - INFO - 加载工具栏
2018-10-19 10:16:36,073 - ProMonitor - INFO - 加载状态栏
2018-10-19 10:16:36,087 - ProMonitor - INFO - 加载监控
2018-10-19 10:16:36,636 - ProMonitor - WARNING - 未发现项目进程main.exe，启动进程main.exe
2018-10-19 10:16:37,544 - ProMonitor - DEBUG - 从内存中获取的数据字典
2018-10-19 10:16:37,544 - ProMonitor - INFO - 刷新并返回数据列表
2018-10-19 10:18:36,473 - ProMonitor - DEBUG - 加载日志功能函数
2018-10-19 10:18:36,482 - ProMonitor - INFO - 加载下边框架面板
2018-10-19 10:18:36,513 - ProMonitor - INFO - 加载控件列表，初始化数据
2018-10-19 10:18:36,513 - ProMonitor - INFO - 读取数据文件，返回数据字典.
2018-10-19 10:18:36,513 - ProMonitor - INFO - 刷新并返回数据列表
2018-10-19 10:18:36,525 - ProMonitor - INFO - 加载消息控制台
2018-10-19 10:18:36,530 - ProMonitor - WARNING - 初始化控制台
2018-10-19 10:18:36,531 - ProMonitor - INFO - 读取数据文件，返回数据字典.
2018-10-19 10:18:36,532 - ProMonitor - INFO - 加载日志控制面板
2018-10-19 10:18:36,560 - ProMonitor - INFO - 加载菜单
2018-10-19 10:18:36,569 - ProMonitor - INFO - 加载工具栏
2018-10-19 10:18:36,594 - ProMonitor - INFO - 加载状态栏
2018-10-19 10:18:36,604 - ProMonitor - INFO - 加载监控
2018-10-19 10:18:37,157 - ProMonitor - WARNING - 未发现项目进程main.exe，启动进程main.exe
2018-10-19 10:18:38,009 - ProMonitor - DEBUG - 从内存中获取的数据字典
2018-10-19 10:18:38,009 - ProMonitor - INFO - 刷新并返回数据列表
